<?xml version="1.0" encoding="UTF-8"?>
<testng-results skipped="0" failed="0" total="1" passed="1">
  <reporter-output>
  </reporter-output>
  <suite name="Default suite" duration-ms="42" started-at="2020-08-02T11:12:43Z" finished-at="2020-08-02T11:12:43Z">
    <groups>
    </groups>
    <test name="Default test" duration-ms="42" started-at="2020-08-02T11:12:43Z" finished-at="2020-08-02T11:12:43Z">
      <class name="BDD.SeleniumPractice.Welcome">
        <test-method status="PASS" signature="testing()[pri:0, instance:BDD.SeleniumPractice.Welcome@124c278f]" name="testing" duration-ms="19" started-at="2020-08-02T16:42:43Z" finished-at="2020-08-02T16:42:43Z">
          <reporter-output>
          </reporter-output>
        </test-method> <!-- testing -->
      </class> <!-- BDD.SeleniumPractice.Welcome -->
    </test> <!-- Default test -->
  </suite> <!-- Default suite -->
</testng-results>
